<?xml version="1.0" encoding="UTF-8"?>
<!-- Generated by org.testng.reporters.JUnitXMLReporter -->
<testsuite hostname="DESKTOP-DR87S7R" ignored="4" name="Default test" tests="1" failures="0" timestamp="20 Aug 2017 15:52:03 GMT" time="0.026" errors="0">
  <testcase name="@BeforeSuite beforeSuite" time="0.0" classname="com.sample.frameworksetup.driverProgram">
    <failure type="org.testng.TestNGException" message="
Parameter &amp;apos;environment&amp;apos; is required by BeforeSuite on method beforeSuite but has not been marked @Optional or defined
in C:\Users\spk19\AppData\Local\Temp\testng-eclipse--1377109657\testng-customsuite.xml">
      <![CDATA[org.testng.TestNGException: 
Parameter 'environment' is required by BeforeSuite on method beforeSuite but has not been marked @Optional or defined
in C:\Users\spk19\AppData\Local\Temp\testng-eclipse--1377109657\testng-customsuite.xml
	at org.testng.internal.Parameters.createParameters(Parameters.java:199)
	at org.testng.internal.Parameters.createParameters(Parameters.java:443)
	at org.testng.internal.Parameters.createConfigurationParameters(Parameters.java:118)
	at org.testng.internal.Invoker.invokeConfigurations(Invoker.java:206)
	at org.testng.internal.Invoker.invokeConfigurations(Invoker.java:146)
	at org.testng.SuiteRunner.privateRun(SuiteRunner.java:326)
	at org.testng.SuiteRunner.run(SuiteRunner.java:289)
	at org.testng.SuiteRunnerWorker.runSuite(SuiteRunnerWorker.java:52)
	at org.testng.SuiteRunnerWorker.run(SuiteRunnerWorker.java:86)
	at org.testng.TestNG.runSuitesSequentially(TestNG.java:1301)
	at org.testng.TestNG.runSuitesLocally(TestNG.java:1226)
	at org.testng.TestNG.runSuites(TestNG.java:1144)
	at org.testng.TestNG.run(TestNG.java:1115)
	at org.testng.remote.AbstractRemoteTestNG.run(AbstractRemoteTestNG.java:132)
	at org.testng.remote.RemoteTestNG.initAndRun(RemoteTestNG.java:230)
	at org.testng.remote.RemoteTestNG.main(RemoteTestNG.java:76)
]]>
    </failure>
  </testcase> <!-- @BeforeSuite beforeSuite -->
  <testcase name="@BeforeTest beforeTest" time="0.0" classname="com.sample.frameworksetup.driverProgram">
    <skipped/>
  </testcase> <!-- @BeforeTest beforeTest -->
  <testcase name="@BeforeClass beforeClass" time="0.0" classname="com.sample.frameworksetup.driverProgram">
    <skipped/>
  </testcase> <!-- @BeforeClass beforeClass -->
  <testcase name="@BeforeMethod beforeMethod" time="0.0" classname="com.sample.frameworksetup.driverProgram">
    <skipped/>
  </testcase> <!-- @BeforeMethod beforeMethod -->
  <testcase name="@AfterClass afterClass" time="0.0" classname="com.sample.frameworksetup.driverProgram">
    <skipped/>
  </testcase> <!-- @AfterClass afterClass -->
  <testcase name="@AfterTest afterTest" time="0.0" classname="com.sample.frameworksetup.driverProgram">
    <skipped/>
  </testcase> <!-- @AfterTest afterTest -->
  <testcase name="countTestCases" time="0.0" classname="com.sample.frameworksetup.driverProgram">
    <skipped/>
  </testcase> <!-- countTestCases -->
  <testcase name="testing2" time="0.0" classname="com.sample.frameworksetup.driverProgram">
    <ignored/>
  </testcase> <!-- testing2 -->
  <testcase name="testing4" time="0.0" classname="com.sample.frameworksetup.driverProgram">
    <ignored/>
  </testcase> <!-- testing4 -->
  <testcase name="looptestcase" time="0.0" classname="com.sample.frameworksetup.driverProgram">
    <ignored/>
  </testcase> <!-- looptestcase -->
  <testcase name="testing3" time="0.0" classname="com.sample.frameworksetup.driverProgram">
    <ignored/>
  </testcase> <!-- testing3 -->
</testsuite> <!-- Default test -->
